2021-05-09 08:00:31,824  INFO Microsoft.Hosting.Lifetime.LogMessage [0] - MESSAGE: Now listening on: https://localhost:5001
 2021-05-09 08:00:31,914  INFO Microsoft.Hosting.Lifetime.LogMessage [0] - MESSAGE: Application started. Press Ctrl+C to shut down.
 2021-05-09 08:00:31,917  INFO Microsoft.Hosting.Lifetime.LogMessage [0] - MESSAGE: Hosting environment: Development
 2021-05-09 08:00:31,921  INFO Microsoft.Hosting.Lifetime.LogMessage [0] - MESSAGE: Content root path: C:\Users\rickd\source\repos\FinancialPlannerNg\FPNg-API\FPNg-API
 2021-05-09 08:00:34,638  INFO Microsoft.Hosting.Lifetime.LogMessage [0] - MESSAGE: Application is shutting down...
 2021-05-09 12:44:47,081  INFO Microsoft.Hosting.Lifetime.LogMessage [0] - MESSAGE: Now listening on: https://localhost:5001
 2021-05-09 12:44:47,145  INFO Microsoft.Hosting.Lifetime.LogMessage [0] - MESSAGE: Application started. Press Ctrl+C to shut down.
 2021-05-09 12:44:47,148  INFO Microsoft.Hosting.Lifetime.LogMessage [0] - MESSAGE: Hosting environment: Development
 2021-05-09 12:44:47,150  INFO Microsoft.Hosting.Lifetime.LogMessage [0] - MESSAGE: Content root path: C:\Users\rickd\source\repos\FinancialPlannerNg\FPNg-API\FPNg-API
 2021-05-09 12:45:25,711 ERROR Microsoft.AspNetCore.Diagnostics.DeveloperExceptionPageMiddleware.LogMessage [0] - MESSAGE: An unhandled exception has occurred while executing the request.
 System.UnauthorizedAccessException: IDW10204: The user is unauthenticated. The HttpContext does not contain any claims. 
   at Microsoft.Identity.Web.Resource.ScopesRequiredHttpContextExtensions.VerifyUserHasAnyAcceptedScope(HttpContext context, String[] acceptedScopes)
   at FPNg.API.Controllers.DisplayController.GetCredits(LedgerParams input) in C:\Users\rickd\source\repos\FinancialPlannerNg\FPNg-API\FPNg-API\Controllers\DisplayController.cs:line 36
   at lambda_method(Closure , Object )
   at Microsoft.Extensions.Internal.ObjectMethodExecutorAwaitable.Awaiter.GetResult()
   at Microsoft.AspNetCore.Mvc.Infrastructure.ActionMethodExecutor.AwaitableObjectResultExecutor.Execute(IActionResultTypeMapper mapper, ObjectMethodExecutor executor, Object controller, Object[] arguments)
   at Microsoft.AspNetCore.Mvc.Infrastructure.ControllerActionInvoker.<InvokeActionMethodAsync>g__Awaited|12_0(ControllerActionInvoker invoker, ValueTask`1 actionResultValueTask)
   at Microsoft.AspNetCore.Mvc.Infrastructure.ControllerActionInvoker.<InvokeNextActionFilterAsync>g__Awaited|10_0(ControllerActionInvoker invoker, Task lastTask, State next, Scope scope, Object state, Boolean isCompleted)
   at Microsoft.AspNetCore.Mvc.Infrastructure.ControllerActionInvoker.Rethrow(ActionExecutedContextSealed context)
   at Microsoft.AspNetCore.Mvc.Infrastructure.ControllerActionInvoker.Next(State& next, Scope& scope, Object& state, Boolean& isCompleted)
   at Microsoft.AspNetCore.Mvc.Infrastructure.ControllerActionInvoker.InvokeInnerFilterAsync()
--- End of stack trace from previous location where exception was thrown ---
   at Microsoft.AspNetCore.Mvc.Infrastructure.ResourceInvoker.<InvokeFilterPipelineAsync>g__Awaited|19_0(ResourceInvoker invoker, Task lastTask, State next, Scope scope, Object state, Boolean isCompleted)
   at Microsoft.AspNetCore.Mvc.Infrastructure.ResourceInvoker.<InvokeAsync>g__Awaited|17_0(ResourceInvoker invoker, Task task, IDisposable scope)
   at Microsoft.AspNetCore.Routing.EndpointMiddleware.<Invoke>g__AwaitRequestTask|6_0(Endpoint endpoint, Task requestTask, ILogger logger)
   at Microsoft.AspNetCore.Authorization.AuthorizationMiddleware.Invoke(HttpContext context)
   at Microsoft.AspNetCore.Authentication.AuthenticationMiddleware.Invoke(HttpContext context)
   at Microsoft.AspNetCore.Diagnostics.DeveloperExceptionPageMiddleware.Invoke(HttpContext context)
2021-05-09 12:46:04,448  INFO Microsoft.Hosting.Lifetime.LogMessage [0] - MESSAGE: Now listening on: https://localhost:5001
 2021-05-09 12:46:04,502  INFO Microsoft.Hosting.Lifetime.LogMessage [0] - MESSAGE: Application started. Press Ctrl+C to shut down.
 2021-05-09 12:46:04,505  INFO Microsoft.Hosting.Lifetime.LogMessage [0] - MESSAGE: Hosting environment: Development
 2021-05-09 12:46:04,507  INFO Microsoft.Hosting.Lifetime.LogMessage [0] - MESSAGE: Content root path: C:\Users\rickd\source\repos\FinancialPlannerNg\FPNg-API\FPNg-API
 2021-05-09 12:47:17,657  INFO Microsoft.Hosting.Lifetime.LogMessage [0] - MESSAGE: Now listening on: https://localhost:5001
 2021-05-09 12:47:17,728  INFO Microsoft.Hosting.Lifetime.LogMessage [0] - MESSAGE: Application started. Press Ctrl+C to shut down.
 2021-05-09 12:47:17,731  INFO Microsoft.Hosting.Lifetime.LogMessage [0] - MESSAGE: Hosting environment: Development
 2021-05-09 12:47:17,735  INFO Microsoft.Hosting.Lifetime.LogMessage [0] - MESSAGE: Content root path: C:\Users\rickd\source\repos\FinancialPlannerNg\FPNg-API\FPNg-API
 2021-05-09 14:51:20,785  INFO Microsoft.Hosting.Lifetime.LogMessage [0] - MESSAGE: Now listening on: https://localhost:5001
 2021-05-09 14:51:20,836  INFO Microsoft.Hosting.Lifetime.LogMessage [0] - MESSAGE: Application started. Press Ctrl+C to shut down.
 2021-05-09 14:51:20,839  INFO Microsoft.Hosting.Lifetime.LogMessage [0] - MESSAGE: Hosting environment: Development
 2021-05-09 14:51:20,841  INFO Microsoft.Hosting.Lifetime.LogMessage [0] - MESSAGE: Content root path: C:\Users\rickd\source\repos\FinancialPlannerNg\FPNg-API\FPNg-API
 2021-05-09 14:55:53,871  INFO Microsoft.Hosting.Lifetime.LogMessage [0] - MESSAGE: Now listening on: https://localhost:5001
 2021-05-09 14:55:53,933  INFO Microsoft.Hosting.Lifetime.LogMessage [0] - MESSAGE: Application started. Press Ctrl+C to shut down.
 2021-05-09 14:55:53,935  INFO Microsoft.Hosting.Lifetime.LogMessage [0] - MESSAGE: Hosting environment: Development
 2021-05-09 14:55:53,938  INFO Microsoft.Hosting.Lifetime.LogMessage [0] - MESSAGE: Content root path: C:\Users\rickd\source\repos\FinancialPlannerNg\FPNg-API\FPNg-API
 2021-05-09 15:34:56,672  INFO Microsoft.Hosting.Lifetime.LogMessage [0] - MESSAGE: Now listening on: https://localhost:5001
 2021-05-09 15:34:56,728  INFO Microsoft.Hosting.Lifetime.LogMessage [0] - MESSAGE: Application started. Press Ctrl+C to shut down.
 2021-05-09 15:34:56,731  INFO Microsoft.Hosting.Lifetime.LogMessage [0] - MESSAGE: Hosting environment: Development
 2021-05-09 15:34:56,733  INFO Microsoft.Hosting.Lifetime.LogMessage [0] - MESSAGE: Content root path: C:\Users\rickd\source\repos\FinancialPlannerNg\FPNg-API\FPNg-API
 